ðŸš€ Starting deployment process...
ðŸ”§ Running in local development mode
ðŸ”¨ Building application...

> gestao-profissional-hitss@0.0.0 build
> tsc -b && node scripts/load-env.js && vite build

src/components/features/professional/__tests__/ProfessionalForm.test.tsx(2,52): error TS2307: Cannot find module '@testing-library/react' or its corresponding type declarations.
src/components/features/professional/__tests__/ProfessionalForm.test.tsx(4,20): error TS2307: Cannot find module 'vitest' or its corresponding type declarations.
src/components/features/professional/__tests__/ProfessionalForm.test.tsx(22,1): error TS2582: Cannot find name 'describe'. Do you need to install type definitions for a test runner? Try `npm i --save-dev @types/jest` or `npm i --save-dev @types/mocha`.
src/components/features/professional/__tests__/ProfessionalForm.test.tsx(26,3): error TS2304: Cannot find name 'beforeEach'.
src/components/features/professional/__tests__/ProfessionalForm.test.tsx(30,3): error TS2582: Cannot find name 'it'. Do you need to install type definitions for a test runner? Try `npm i --save-dev @types/jest` or `npm i --save-dev @types/mocha`.
src/components/features/professional/__tests__/ProfessionalForm.test.tsx(40,7): error TS2304: Cannot find name 'expect'.
src/components/features/professional/__tests__/ProfessionalForm.test.tsx(44,5): error TS2304: Cannot find name 'expect'.
src/components/features/professional/__tests__/ProfessionalForm.test.tsx(45,5): error TS2304: Cannot find name 'expect'.
src/components/features/professional/__tests__/ProfessionalForm.test.tsx(46,5): error TS2304: Cannot find name 'expect'.
src/components/features/professional/__tests__/ProfessionalForm.test.tsx(47,5): error TS2304: Cannot find name 'expect'.
src/components/features/professional/__tests__/ProfessionalForm.test.tsx(48,5): error TS2304: Cannot find name 'expect'.
src/components/features/professional/__tests__/ProfessionalForm.test.tsx(51,3): error TS2582: Cannot find name 'it'. Do you need to install type definitions for a test runner? Try `npm i --save-dev @types/jest` or `npm i --save-dev @types/mocha`.
src/components/features/professional/__tests__/ProfessionalForm.test.tsx(61,7): error TS2304: Cannot find name 'expect'.
src/components/features/professional/__tests__/ProfessionalForm.test.tsx(79,7): error TS2304: Cannot find name 'expect'.
src/components/features/professional/__tests__/ProfessionalForm.test.tsx(80,7): error TS2304: Cannot find name 'expect'.
src/components/features/professional/__tests__/ProfessionalForm.test.tsx(80,49): error TS2304: Cannot find name 'expect'.
src/components/features/professional/__tests__/ProfessionalForm.test.tsx(91,3): error TS2582: Cannot find name 'it'. Do you need to install type definitions for a test runner? Try `npm i --save-dev @types/jest` or `npm i --save-dev @types/mocha`.
src/components/features/professional/__tests__/ProfessionalForm.test.tsx(101,7): error TS2304: Cannot find name 'expect'.
src/components/features/professional/__tests__/ProfessionalForm.test.tsx(108,5): error TS2304: Cannot find name 'expect'.
src/components/features/professional/__tests__/ProfessionalForm.test.tsx(111,3): error TS2582: Cannot find name 'it'. Do you need to install type definitions for a test runner? Try `npm i --save-dev @types/jest` or `npm i --save-dev @types/mocha`.
src/components/features/professional/__tests__/ProfessionalForm.test.tsx(122,7): error TS2304: Cannot find name 'expect'.
src/components/features/professional/__tests__/ProfessionalForm.test.tsx(126,5): error TS2304: Cannot find name 'expect'.
src/components/features/professional/__tests__/ProfessionalForm.test.tsx(127,5): error TS2304: Cannot find name 'expect'.
src/components/features/professional/__tests__/ProfessionalForm.test.tsx(128,5): error TS2304: Cannot find name 'expect'.
src/components/features/professional/__tests__/ProfessionalForm.test.tsx(129,5): error TS2304: Cannot find name 'expect'.
src/components/features/professional/__tests__/ProfessionalForm.test.tsx(130,5): error TS2304: Cannot find name 'expect'.
src/components/features/professional/__tests__/ProfessionalForm.test.tsx(131,5): error TS2304: Cannot find name 'expect'.
